{
  "stats": {
    "suites": 1,
    "tests": 5,
    "passes": 5,
    "pending": 0,
    "failures": 0,
    "start": "2020-02-03T15:12:09.998Z",
    "end": "2020-02-03T15:13:26.988Z",
    "duration": 76990,
    "testsRegistered": 5,
    "passPercent": 100,
    "pendingPercent": 0,
    "other": 0,
    "hasOther": false,
    "skipped": 0,
    "hasSkipped": false
  },
  "results": [
    {
      "uuid": "a5461d94-b29e-45d5-9a3f-b8db23792c0a",
      "title": "",
      "fullFile": "",
      "file": "",
      "beforeHooks": [],
      "afterHooks": [],
      "tests": [],
      "suites": [
        {
          "uuid": "c17289b3-6829-47d7-b1a2-f0807f7c98ec",
          "title": "Test Delta website with injectable: ",
          "fullFile": "C:\\akamai-test\\lib\\index.js",
          "file": "\\lib\\index.js",
          "beforeHooks": [
            {
              "title": "\"before each\" hook",
              "fullTitle": "Test Delta website with injectable:  \"before each\" hook",
              "timedOut": false,
              "duration": 11395,
              "state": null,
              "speed": null,
              "pass": false,
              "fail": false,
              "pending": false,
              "context": null,
              "code": "return __awaiter(void 0, void 0, void 0, function () {\n        return __generator(this, function (_a) {\n            switch (_a.label) {\n                case 0: return [4, launchPuppeteer_1.default()];\n                case 1:\n                    browser = _a.sent();\n                    return [4, browser.newPage()];\n                case 2:\n                    page = _a.sent();\n                    _puppeteerSet = new pupppeteerSet_1.default(page);\n                    _puppeteerVerify = new puppeteerVerify_1.default(page);\n                    return [4, _puppeteerSet.loadPage(baseURL, 30000)];\n                case 3:\n                    _a.sent();\n                    return [2];\n            }\n        });\n    });",
              "err": {},
              "uuid": "a70ab38a-cfa3-45a5-bf74-0180822fbdd9",
              "parentUUID": "c17289b3-6829-47d7-b1a2-f0807f7c98ec",
              "isHook": true,
              "skipped": false
            }
          ],
          "afterHooks": [
            {
              "title": "\"after each\" hook",
              "fullTitle": "Test Delta website with injectable:  \"after each\" hook",
              "timedOut": false,
              "duration": 812,
              "state": null,
              "speed": null,
              "pass": false,
              "fail": false,
              "pending": false,
              "context": null,
              "code": "return __awaiter(void 0, void 0, void 0, function () {\n        return __generator(this, function (_a) {\n            switch (_a.label) {\n                case 0: return [4, browser.close()];\n                case 1:\n                    _a.sent();\n                    return [2];\n            }\n        });\n    });",
              "err": {},
              "uuid": "126174fe-0ad1-4132-b8da-43aff954fe61",
              "parentUUID": "c17289b3-6829-47d7-b1a2-f0807f7c98ec",
              "isHook": true,
              "skipped": false
            }
          ],
          "tests": [
            {
              "title": "Should not get a page error message and performance should be normal, when not adding the injectable.js script",
              "fullTitle": "Test Delta website with injectable:  Should not get a page error message and performance should be normal, when not adding the injectable.js script",
              "timedOut": false,
              "duration": 3274,
              "state": "passed",
              "speed": "slow",
              "pass": true,
              "fail": false,
              "pending": false,
              "context": null,
              "code": "return __awaiter(void 0, void 0, void 0, function () {\n        var listOfErrors;\n        return __generator(this, function (_a) {\n            switch (_a.label) {\n                case 0: return [4, _puppeteerVerify.verifyPageErrors()];\n                case 1:\n                    listOfErrors = _a.sent();\n                    return [4, _puppeteerVerify.verifyNoUnexpectedErrors(listOfErrors)];\n                case 2:\n                    _a.sent();\n                    return [4, _puppeteerVerify.verifyWebPagePerformance()];\n                case 3:\n                    _a.sent();\n                    return [2];\n            }\n        });\n    });",
              "err": {},
              "uuid": "b1b28782-bab2-4b35-9815-b85cde46d14c",
              "parentUUID": "c17289b3-6829-47d7-b1a2-f0807f7c98ec",
              "isHook": false,
              "skipped": false
            },
            {
              "title": "Should get page error message, \"Error: CX Internals not found...\", when adding the injectable.js script",
              "fullTitle": "Test Delta website with injectable:  Should get page error message, \"Error: CX Internals not found...\", when adding the injectable.js script",
              "timedOut": false,
              "duration": 3887,
              "state": "passed",
              "speed": "slow",
              "pass": true,
              "fail": false,
              "pending": false,
              "context": null,
              "code": "return __awaiter(void 0, void 0, void 0, function () {\n        return __generator(this, function (_a) {\n            switch (_a.label) {\n                case 0: return [4, _puppeteerVerify.verifyPageErrors(\"Error: CX Internals not found\")];\n                case 1:\n                    _a.sent();\n                    return [4, _puppeteerSet.addScriptTpPage(\"./lib/files/injectable.js\")];\n                case 2:\n                    _a.sent();\n                    return [4, _puppeteerVerify.verifyWebPagePerformance()];\n                case 3:\n                    _a.sent();\n                    return [2];\n            }\n        });\n    });",
              "err": {},
              "uuid": "ce3d5175-50e6-4780-a393-1fa58baf6291",
              "parentUUID": "c17289b3-6829-47d7-b1a2-f0807f7c98ec",
              "isHook": false,
              "skipped": false
            },
            {
              "title": "Should not get a page error, when not adding the injectable.js script into the login page ",
              "fullTitle": "Test Delta website with injectable:  Should not get a page error, when not adding the injectable.js script into the login page ",
              "timedOut": false,
              "duration": 7624,
              "state": "passed",
              "speed": "slow",
              "pass": true,
              "fail": false,
              "pending": false,
              "context": null,
              "code": "return __awaiter(void 0, void 0, void 0, function () {\n        var listOfErrors;\n        return __generator(this, function (_a) {\n            switch (_a.label) {\n                case 0: return [4, _puppeteerSet.loadPage(\"\" + loginSelectors.URL, 5000)];\n                case 1:\n                    _a.sent();\n                    return [4, _puppeteerVerify.verifyPageErrors()];\n                case 2:\n                    listOfErrors = _a.sent();\n                    return [4, _puppeteerVerify.verifyNoUnexpectedErrors(listOfErrors)];\n                case 3:\n                    _a.sent();\n                    return [4, _puppeteerVerify.verifyWebPagePerformance()];\n                case 4:\n                    _a.sent();\n                    return [2];\n            }\n        });\n    });",
              "err": {},
              "uuid": "26b4c0a2-4939-4a1f-acfa-476d4f815510",
              "parentUUID": "c17289b3-6829-47d7-b1a2-f0807f7c98ec",
              "isHook": false,
              "skipped": false
            },
            {
              "title": "Should get page error message, \"Error: CX Internals not found...\", when adding the injectable.js script into the https://www.delta.com/login/loginPage",
              "fullTitle": "Test Delta website with injectable:  Should get page error message, \"Error: CX Internals not found...\", when adding the injectable.js script into the https://www.delta.com/login/loginPage",
              "timedOut": false,
              "duration": 7358,
              "state": "passed",
              "speed": "slow",
              "pass": true,
              "fail": false,
              "pending": false,
              "context": null,
              "code": "return __awaiter(void 0, void 0, void 0, function () {\n        return __generator(this, function (_a) {\n            switch (_a.label) {\n                case 0: return [4, _puppeteerSet.loadPage(loginSelectors.URL, 5000)];\n                case 1:\n                    _a.sent();\n                    return [4, _puppeteerVerify.verifyPageErrors(\"Error: CX Internals not found\")];\n                case 2:\n                    _a.sent();\n                    return [4, _puppeteerSet.addScriptTpPage(\"./lib/files/injectable.js\")];\n                case 3:\n                    _a.sent();\n                    return [2];\n            }\n        });\n    });",
              "err": {},
              "uuid": "c36893e2-67f7-42fa-8615-1eb1491bf3a3",
              "parentUUID": "c17289b3-6829-47d7-b1a2-f0807f7c98ec",
              "isHook": false,
              "skipped": false
            },
            {
              "title": "Should get an error message, when submiting incorrect username and password",
              "fullTitle": "Test Delta website with injectable:  Should get an error message, when submiting incorrect username and password",
              "timedOut": false,
              "duration": 8767,
              "state": "passed",
              "speed": "slow",
              "pass": true,
              "fail": false,
              "pending": false,
              "context": null,
              "code": "return __awaiter(void 0, void 0, void 0, function () {\n        var listOfErrors;\n        return __generator(this, function (_a) {\n            switch (_a.label) {\n                case 0: return [4, _puppeteerSet.loadPage(loginSelectors.URL, 5000)];\n                case 1:\n                    _a.sent();\n                    return [4, _puppeteerVerify.verifyPageErrors()];\n                case 2:\n                    listOfErrors = _a.sent();\n                    return [4, _puppeteerSet.click(selectors.username)];\n                case 3:\n                    _a.sent();\n                    return [4, _puppeteerSet.write(selectors.username, loginSelectors.wrongUsername)];\n                case 4:\n                    _a.sent();\n                    return [4, _puppeteerSet.write(selectors.lastname, loginSelectors.wongSurename)];\n                case 5:\n                    _a.sent();\n                    return [4, _puppeteerSet.write(selectors.password, loginSelectors.wrongPassword)];\n                case 6:\n                    _a.sent();\n                    return [4, _puppeteerSet.click(selectors.submitButton)];\n                case 7:\n                    _a.sent();\n                    return [4, _puppeteerVerify.verifyNoUnexpectedErrors(listOfErrors)];\n                case 8:\n                    _a.sent();\n                    return [4, _puppeteerVerify.verifyElementToDisappear(selectors.loadingSpinner)];\n                case 9:\n                    _a.sent();\n                    return [4, _puppeteerVerify.verifyTextIsDisplayed(selectors.errMessage, loginSelectors.errorMessage)];\n                case 10:\n                    _a.sent();\n                    return [2];\n            }\n        });\n    });",
              "err": {},
              "uuid": "62377383-4c91-494a-870f-8f9a9cc84d79",
              "parentUUID": "c17289b3-6829-47d7-b1a2-f0807f7c98ec",
              "isHook": false,
              "skipped": false
            }
          ],
          "suites": [],
          "passes": [
            "b1b28782-bab2-4b35-9815-b85cde46d14c",
            "ce3d5175-50e6-4780-a393-1fa58baf6291",
            "26b4c0a2-4939-4a1f-acfa-476d4f815510",
            "c36893e2-67f7-42fa-8615-1eb1491bf3a3",
            "62377383-4c91-494a-870f-8f9a9cc84d79"
          ],
          "failures": [],
          "pending": [],
          "skipped": [],
          "duration": 30910,
          "root": false,
          "rootEmpty": false,
          "_timeout": 30000
        }
      ],
      "passes": [],
      "failures": [],
      "pending": [],
      "skipped": [],
      "duration": 0,
      "root": true,
      "rootEmpty": true,
      "_timeout": 30000
    }
  ],
  "meta": {
    "mocha": {
      "version": "7.0.1"
    },
    "mochawesome": {
      "options": {
        "quiet": false,
        "reportFilename": "mochawesome",
        "saveHtml": true,
        "saveJson": true,
        "consoleReporter": "spec",
        "useInlineDiffs": false
      },
      "version": "4.1.0"
    },
    "marge": {
      "options": null,
      "version": "4.1.0"
    }
  }
}